<?xml version="1.0" encoding="UTF-8"?>
<!-- Generated by org.testng.reporters.JUnitReportReporter -->
<testsuite hostname="LAPTOP-VHMBBAUO" failures="0" tests="1" name="testCases.CoverPageTest" time="5.925" errors="0" timestamp="2025-08-18T09:34:03 IST" skipped="0">
  <testcase classname="testCases.CoverPageTest" name="testcoverpage" time="5.925"/>
</testsuite> <!-- testCases.CoverPageTest -->
