<?xml version="1.0" encoding="UTF-8"?>
<!-- Generated by org.testng.reporters.JUnitReportReporter -->
<testsuite hostname="LAPTOP-VHMBBAUO" failures="0" tests="1" name="org.test.browserlaunch.HappenstanceTest" time="6.517" errors="0" timestamp="2025-08-08T22:33:50 IST" skipped="0">
  <testcase classname="org.test.browserlaunch.HappenstanceTest" name="Test" time="6.517"/>
  <system-out/>
</testsuite> <!-- org.test.browserlaunch.HappenstanceTest -->
